2025-05-03 20:05:00 | DEBUG | repo=2017-course-sys-int-osgi-seminar | action=commit
2025-12-19 11:05:00 | WARN | repo=2017-course-sys-int-osgi-seminar | action=commit
2025-02-01 11:45:00 | INFO | repo=2017-course-sys-int-osgi-seminar | action=edit | files=3
2025-01-18 07:01:00 | DEBUG | repo=2017-course-sys-int-osgi-seminar | action=commit
2025-09-07 20:41:00 | DEBUG | repo=2017-course-sys-int-osgi-seminar | action=edit | files=1
2025-08-17 16:16:00 | WARN | repo=2017-course-sys-int-osgi-seminar | action=commit
2025-12-22 16:55:00 | DEBUG | repo=2017-course-sys-int-osgi-seminar | action=pull
2025-06-20 21:35:00 | DEBUG | repo=2017-course-sys-int-osgi-seminar | action=commit
2025-03-12 16:32:00 | INFO | repo=2017-course-sys-int-osgi-seminar | action=commit
2025-11-02 18:05:00 | INFO | repo=2017-course-sys-int-osgi-seminar | action=commit
2025-10-18 08:16:00 | WARN | repo=2017-course-sys-int-osgi-seminar | action=commit
2025-02-13 16:26:00 | INFO | repo=2017-course-sys-int-osgi-seminar | action=edit | files=3
2025-03-15 18:25:00 | INFO | repo=2017-course-sys-int-osgi-seminar | action=test | passed=true
2025-06-09 20:35:00 | INFO | repo=2017-course-sys-int-osgi-seminar | action=commit
2025-12-05 14:40:00 | DEBUG | repo=2017-course-sys-int-osgi-seminar | action=commit
2025-01-19 18:27:00 | DEBUG | repo=2017-course-sys-int-osgi-seminar | action=commit
2025-08-26 21:13:00 | DEBUG | repo=2017-course-sys-int-osgi-seminar | action=commit
2025-01-22 12:43:00 | DEBUG | repo=2017-course-sys-int-osgi-seminar | action=commit
2025-02-20 14:54:00 | WARN | repo=2017-course-sys-int-osgi-seminar | action=commit
2025-08-06 13:00:00 | DEBUG | repo=2017-course-sys-int-osgi-seminar | action=commit
2025-01-07 08:53:00 | DEBUG | repo=2017-course-sys-int-osgi-seminar | action=commit
2025-12-18 15:01:00 | INFO | repo=2017-course-sys-int-osgi-seminar | action=commit
2025-08-05 14:13:00 | WARN | repo=2017-course-sys-int-osgi-seminar | action=pull
2025-11-19 17:09:00 | DEBUG | repo=2017-course-sys-int-osgi-seminar | action=commit
2025-01-04 17:01:00 | INFO | repo=2017-course-sys-int-osgi-seminar | action=commit
2025-07-28 15:09:00 | WARN | repo=2017-course-sys-int-osgi-seminar | action=commit
2025-01-20 11:13:00 | WARN | repo=2017-course-sys-int-osgi-seminar | action=commit
2025-10-15 19:57:00 | DEBUG | repo=2017-course-sys-int-osgi-seminar | action=commit
2025-09-04 08:44:00 | INFO | repo=2017-course-sys-int-osgi-seminar | action=commit
2025-02-17 08:02:00 | INFO | repo=2017-course-sys-int-osgi-seminar | action=edit | files=3
2025-03-02 07:50:00 | DEBUG | repo=2017-course-sys-int-osgi-seminar | action=commit
2025-10-04 07:35:00 | INFO | repo=2017-course-sys-int-osgi-seminar | action=commit
2025-10-14 11:31:00 | WARN | repo=2017-course-sys-int-osgi-seminar | action=commit
2025-09-27 07:24:00 | DEBUG | repo=2017-course-sys-int-osgi-seminar | action=commit
2025-07-07 13:14:00 | INFO | repo=2017-course-sys-int-osgi-seminar | action=test | passed=true
2025-05-23 07:59:00 | INFO | repo=2017-course-sys-int-osgi-seminar | action=edit | files=1
2025-02-03 08:46:00 | INFO | repo=2017-course-sys-int-osgi-seminar | action=test | passed=true
2025-09-17 18:03:00 | WARN | repo=2017-course-sys-int-osgi-seminar | action=commit
